<?xml version="1.0" encoding="UTF-8"?>
<!-- Generated by org.testng.reporters.JUnitReportReporter -->
<testsuite skipped="0" hostname="DESKTOP-N9VNCM1" name="com.RewiewHomework.HomeWork" tests="3" failures="0" timestamp="2020-01-16T12:50:05 EST" time="87.512" errors="0">
  <testcase name="enteringEmloyee" time="30.389" classname="com.RewiewHomework.HomeWork"/>
  <testcase name="enteringEmloyee" time="28.511" classname="com.RewiewHomework.HomeWork"/>
  <testcase name="enteringEmloyee" time="28.612" classname="com.RewiewHomework.HomeWork"/>
</testsuite> <!-- com.RewiewHomework.HomeWork -->
