<?xml version="1.0" encoding="UTF-8"?>
<!-- Generated by org.testng.reporters.JUnitReportReporter -->
<testsuite skipped="0" hostname="DESKTOP-N9VNCM1" name="com.Class2.SoftAssertionDemo" tests="1" failures="0" timestamp="2020-01-12T12:41:48 EST" time="17.475" errors="0">
  <testcase name="logoAndLogin" time="17.475" classname="com.Class2.SoftAssertionDemo"/>
</testsuite> <!-- com.Class2.SoftAssertionDemo -->
