<?xml version="1.0" encoding="UTF-8"?>
<!-- Generated by org.testng.reporters.JUnitReportReporter -->
<testsuite skipped="0" hostname="DESKTOP-N9VNCM1" name="com.Class1.TestNGDemo" tests="3" failures="0" timestamp="2020-01-11T14:02:14 EST" time="0.015" errors="0">
  <testcase name="testOne" time="0.015" classname="com.Class1.TestNGDemo"/>
  <testcase name="testTwo" time="0.000" classname="com.Class1.TestNGDemo"/>
  <testcase name="testThre" time="0.000" classname="com.Class1.TestNGDemo"/>
</testsuite> <!-- com.Class1.TestNGDemo -->
